<?xml version="1.0" encoding="UTF-8"?>
<!-- Generated by org.testng.reporters.JUnitReportReporter -->
<testsuite hostname="HP" failures="0" tests="1" name="com.test.ExceptinTimeoutTest" time="0.006" errors="0" timestamp="25 Jan 2019 18:17:13 GMT" skipped="0">
  <testcase classname="com.test.ExceptinTimeoutTest" name="test" time="0.006"/>
</testsuite> <!-- com.test.ExceptinTimeoutTest -->
