<?xml version="1.0" encoding="UTF-8"?>
<!-- Generated by org.testng.reporters.JUnitReportReporter -->
<testsuite hostname="HP" failures="0" tests="10" name="com.test.InvocationCountTest" time="0.022" errors="0" timestamp="25 Jan 2019 18:17:13 GMT" skipped="0">
  <testcase classname="com.test.InvocationCountTest" name="sum" time="0.001"/>
  <testcase classname="com.test.InvocationCountTest" name="sum" time="0.002"/>
  <testcase classname="com.test.InvocationCountTest" name="sum" time="0.002"/>
  <testcase classname="com.test.InvocationCountTest" name="sum" time="0.006"/>
  <testcase classname="com.test.InvocationCountTest" name="sum" time="0.001"/>
  <testcase classname="com.test.InvocationCountTest" name="sum" time="0.002"/>
  <testcase classname="com.test.InvocationCountTest" name="sum" time="0.002"/>
  <testcase classname="com.test.InvocationCountTest" name="sum" time="0.002"/>
  <testcase classname="com.test.InvocationCountTest" name="sum" time="0.003"/>
  <testcase classname="com.test.InvocationCountTest" name="sum" time="0.001"/>
</testsuite> <!-- com.test.InvocationCountTest -->
