<?xml version="1.0" encoding="UTF-8"?>
<!-- Generated by org.testng.reporters.JUnitReportReporter -->
<testsuite hostname="HP" failures="0" tests="2" name="com.test.GoogleTitleTest" time="16.100" errors="0" timestamp="25 Jan 2019 18:17:13 GMT" skipped="0">
  <testcase classname="com.test.GoogleTitleTest" name="googleTitleTest" time="8.646"/>
  <testcase classname="com.test.GoogleTitleTest" name="googleLogoTest" time="7.454"/>
</testsuite> <!-- com.test.GoogleTitleTest -->
