<?xml version="1.0" encoding="UTF-8"?>
<!-- Generated by org.testng.reporters.JUnitReportReporter -->
<testsuite hostname="HP" failures="0" tests="6" name="com.test.GoogleTest" time="42.837" errors="0" timestamp="25 Jan 2019 18:08:57 GMT" skipped="0">
  <testcase classname="com.test.GoogleTest" name="googletitle" time="8.215"/>
  <testcase classname="com.test.GoogleTest" name="googlelogotest" time="7.640"/>
  <testcase classname="com.test.GoogleTest" name="gmaillinktest" time="6.759"/>
  <testcase classname="com.test.GoogleTest" name="test1" time="6.638"/>
  <testcase classname="com.test.GoogleTest" name="test2" time="6.835"/>
  <testcase classname="com.test.GoogleTest" name="test3" time="6.750"/>
</testsuite> <!-- com.test.GoogleTest -->
