<?xml version="1.0" encoding="UTF-8"?>
<!-- Generated by org.testng.reporters.JUnitReportReporter -->
<testsuite hostname="HP" failures="0" tests="2" name="com.test.TestNgBasics" time="0.003" errors="0" timestamp="25 Jan 2019 18:17:13 GMT" skipped="0">
  <testcase classname="com.test.TestNgBasics" name="searchtest" time="0.002"/>
  <testcase classname="com.test.TestNgBasics" name="Googletitletest" time="0.001"/>
</testsuite> <!-- com.test.TestNgBasics -->
