<?xml version="1.0" encoding="UTF-8"?>
<!-- Generated by org.testng.reporters.JUnitReportReporter -->
<testsuite hostname="HP" failures="0" tests="4" name="com.test.yahoomailtest" time="0.022" errors="0" timestamp="27 Jan 2019 12:25:09 GMT" skipped="1">
  <testcase classname="com.test.yahoomailtest" name="composemail" time="0.013"/>
  <testcase classname="com.test.yahoomailtest" name="deletemailtest" time="0.004"/>
  <testcase classname="com.test.yahoomailtest" name="sentitemmailtest" time="0.005"/>
  <testcase classname="com.test.yahoomailtest" name="searchmailtest">
    <skipped/>
  </testcase> <!-- searchmailtest -->
</testsuite> <!-- com.test.yahoomailtest -->
