<?xml version="1.0" encoding="UTF-8"?>
<!-- Generated by org.testng.reporters.JUnitReportReporter -->
<testsuite hostname="HP" failures="0" tests="1" name="com.parameters.paramereTest" time="7.636" errors="0" timestamp="27 Jan 2019 13:26:29 GMT" skipped="0">
  <testcase classname="com.parameters.paramereTest" name="yahoologinTest" time="7.636"/>
</testsuite> <!-- com.parameters.paramereTest -->
