<?xml version="1.0" encoding="UTF-8"?>
<!-- Generated by org.testng.reporters.JUnitReportReporter -->
<testsuite hostname="HP" failures="0" tests="10" name="RajeevHomework.Fbsignup" time="94.539" errors="0" timestamp="07 Feb 2019 15:17:49 GMT" skipped="0">
  <testcase classname="RajeevHomework.Fbsignup" name="checkandclickwithsignupoption" time="10.928"/>
  <testcase classname="RajeevHomework.Fbsignup" name="verifyWithoutEnteringAnyField" time="11.627"/>
  <testcase classname="RajeevHomework.Fbsignup" name="firstNameEnterAndValidData" time="14.723"/>
  <testcase classname="RajeevHomework.Fbsignup" name="surNamewithData" time="7.433"/>
  <testcase classname="RajeevHomework.Fbsignup" name="mobilenooremailadresswithdata" time="7.269"/>
  <testcase classname="RajeevHomework.Fbsignup" name="newpasswordwithdata" time="8.614"/>
  <testcase classname="RajeevHomework.Fbsignup" name="birthdaywithdata" time="7.641"/>
  <testcase classname="RajeevHomework.Fbsignup" name="birthdaymonthwithdata" time="8.611"/>
  <testcase classname="RajeevHomework.Fbsignup" name="birthdayyearwithdata" time="9.961"/>
  <testcase classname="RajeevHomework.Fbsignup" name="checkrediuobuttonwithclick" time="7.732"/>
</testsuite> <!-- RajeevHomework.Fbsignup -->
